[debug] [2024-08-02T18:14:12.194Z] ----------------------------------------------------------------------
[debug] [2024-08-02T18:14:12.199Z] Command:       D:\Aptitude for placements\node.exe C:\Users\ELCOT\AppData\Roaming\npm\node_modules\firebase-tools\lib\bin\firebase.js init hosting
[debug] [2024-08-02T18:14:12.200Z] CLI Version:   13.15.0
[debug] [2024-08-02T18:14:12.201Z] Platform:      win32
[debug] [2024-08-02T18:14:12.201Z] Node Version:  v18.18.0
[debug] [2024-08-02T18:14:12.324Z] Time:          Fri Aug 02 2024 23:44:12 GMT+0530 (India Standard Time)
[debug] [2024-08-02T18:14:12.325Z] ----------------------------------------------------------------------
[debug] 
[debug] [2024-08-02T18:14:12.700Z] > command requires scopes: ["email","openid","https://www.googleapis.com/auth/cloudplatformprojects.readonly","https://www.googleapis.com/auth/firebase","https://www.googleapis.com/auth/cloud-platform"]
[debug] [2024-08-02T18:14:12.701Z] > authorizing via signed-in user (vijay690in.com@gmail.com)
[info] 
     ######## #### ########  ######## ########     ###     ######  ########
     ##        ##  ##     ## ##       ##     ##  ##   ##  ##       ##
     ######    ##  ########  ######   ########  #########  ######  ######
     ##        ##  ##    ##  ##       ##     ## ##     ##       ## ##
     ##       #### ##     ## ######## ########  ##     ##  ######  ########

You're about to initialize a Firebase project in this directory:

  C:\Users\ELCOT\Downloads\Bulletcrackers

Before we get started, keep in mind:

  * You are initializing within an existing Firebase project directory

[info] 
=== Project Setup
[info] 
[info] First, let's associate this project directory with a Firebase project.
[info] You can create multiple project aliases by running firebase use --add, 
[info] but for now we'll just set up a default project.
[info] 
[debug] [2024-08-02T18:14:12.888Z] Using project from CLI flag: bullet-crackers
[debug] [2024-08-02T18:14:12.891Z] > refreshing access token with scopes: []
[debug] [2024-08-02T18:14:12.898Z] >>> [apiv2][query] POST https://www.googleapis.com/oauth2/v3/token [none]
[debug] [2024-08-02T18:14:12.898Z] >>> [apiv2][body] POST https://www.googleapis.com/oauth2/v3/token [omitted]
[debug] [2024-08-02T18:14:15.270Z] <<< [apiv2][status] POST https://www.googleapis.com/oauth2/v3/token 200
[debug] [2024-08-02T18:14:15.271Z] <<< [apiv2][body] POST https://www.googleapis.com/oauth2/v3/token [omitted]
[debug] [2024-08-02T18:14:15.429Z] >>> [apiv2][query] GET https://firebase.googleapis.com/v1beta1/projects/bullet-crackers [none]
[debug] [2024-08-02T18:14:16.736Z] <<< [apiv2][status] GET https://firebase.googleapis.com/v1beta1/projects/bullet-crackers 200
[debug] [2024-08-02T18:14:16.737Z] <<< [apiv2][body] GET https://firebase.googleapis.com/v1beta1/projects/bullet-crackers {"projectId":"bullet-crackers","projectNumber":"583791971593","displayName":"Bullet Crackers","name":"projects/bullet-crackers","resources":{"hostingSite":"bullet-crackers"},"state":"ACTIVE","etag":"1_0bf96d74-52fb-45ef-a75f-7169fc0f6b45"}
[info] i  Using project bullet-crackers (Bullet Crackers) 
[info] 
=== Hosting Setup
[debug] [2024-08-02T18:14:16.820Z] >>> [apiv2][query] GET https://firebase.googleapis.com/v1beta1/projects/bullet-crackers [none]
[debug] [2024-08-02T18:14:18.231Z] <<< [apiv2][status] GET https://firebase.googleapis.com/v1beta1/projects/bullet-crackers 200
[debug] [2024-08-02T18:14:18.231Z] <<< [apiv2][body] GET https://firebase.googleapis.com/v1beta1/projects/bullet-crackers {"projectId":"bullet-crackers","projectNumber":"583791971593","displayName":"Bullet Crackers","name":"projects/bullet-crackers","resources":{"hostingSite":"bullet-crackers"},"state":"ACTIVE","etag":"1_0bf96d74-52fb-45ef-a75f-7169fc0f6b45"}
[info] 
[info] Your public directory is the folder (relative to your project directory) that
[info] will contain Hosting assets to be uploaded with firebase deploy. If you
[info] have a build process for your assets, use your build's output directory.
[info] 
